[2024-11-18 01:37:49] Вася подключился к чату.
[2024-11-18 01:37:54] Вася: всем привет
[2024-11-18 01:37:55] Вася: 
[2024-11-18 01:37:57] Вася: 
[2024-11-18 01:38:00] Вася: вася тут
[2024-11-18 01:38:00] Вася: 
[2024-11-18 01:38:00] Вася: 
[2024-11-18 01:38:01] Вася: ямьщавитшам
[2024-11-18 01:38:01] Вася: 
[2024-11-18 01:38:02] Вася: 
[2024-11-18 01:38:06] Вася: exit
[2024-11-18 01:40:08] Вася подключился к чату.
[2024-11-18 01:40:15] Вася: привет
[2024-11-18 01:40:23] Вася: как дила
[2024-11-18 01:40:26] Вася: всем пока 
[2024-11-18 01:40:34] Вася: exit/
[2024-11-18 01:40:39] Вася покинул чат.
[2024-11-18 01:44:43] Вася подключился к чату.
[2024-11-18 01:44:48] Вася: всем привет
[2024-11-18 01:44:49] Вася: 
[2024-11-18 01:44:51] Вася: пока
[2024-11-18 01:45:01] Вася: 
[2024-11-18 01:45:01] Вася: 
[2024-11-18 01:45:01] Вася: 
[2024-11-18 01:45:01] Вася: 
[2024-11-18 01:45:03] Вася: вомт
[2024-11-18 01:46:01] Вася покинул чат.
[2024-11-18 01:46:15] ввввввввв подключился к чату.
[2024-11-18 01:46:17] ввввввввв: выбмтм
[2024-11-18 01:46:19] ввввввввв:  лвыдм
[2024-11-18 01:46:19] ввввввввв: 
[2024-11-18 01:46:34] оывмщшг подключился к чату.
[2024-11-18 01:46:35] оывмщшг: ыфдла
[2024-11-18 01:47:01] аа подключился к чату.
[2024-11-18 01:47:02] аа: а
[2024-11-18 01:47:02] аа: 
[2024-11-18 01:47:03] аа: а
[2024-11-18 01:47:07] аа покинул чат.
[2024-11-18 01:48:16] ааа подключился к чату.
[2024-11-18 01:48:17] ааа: в
[2024-11-18 01:48:18] ааа: а
[2024-11-18 01:48:19] ааа: п
[2024-11-18 01:48:19] ааа: ы
[2024-11-18 01:48:59] ааа покинул чат.
[2024-11-18 01:49:13] в подключился к чату.
[2024-11-18 01:49:14] в: а
[2024-11-18 01:49:18] в покинул чат.
[2024-11-18 01:49:31] а подключился к чату.
[2024-11-18 01:49:32] а: а
[2024-11-18 01:49:33] а: 
[2024-11-18 01:49:33] а: 
[2024-11-18 01:51:17] а покинул чат.
[2024-11-18 01:51:30] а подключился к чату.
[2024-11-18 01:51:31] а: а
[2024-11-18 01:51:32] а: 
[2024-11-18 01:51:58] в подключился к чату.
[2024-11-18 01:51:59] в: в
[2024-11-18 01:52:00] в: а
[2024-11-18 01:52:01] в: ы
[2024-11-18 01:52:03] в: с
[2024-11-18 01:52:05] в: п
[2024-11-18 01:52:10] в: па
[2024-11-18 01:52:38] в: а
[2024-11-18 01:52:40] в: п
[2024-11-18 01:52:41] в: в
[2024-11-18 01:53:03] в: а
[2024-11-18 01:53:04] в: а
[2024-11-18 01:53:04] в: п
[2024-11-18 01:53:09] в покинул чат.
[2024-11-18 01:53:16] а подключился к чату.
[2024-11-18 01:53:17] а: а
[2024-11-18 01:53:18] а: п
[2024-11-18 01:53:19] а: в
[2024-11-18 01:53:19] а: с
[2024-11-18 01:53:27] а покинул чат.
[2024-11-18 01:54:34] d подключился к чату.
[2024-11-18 01:54:35] d: f
[2024-11-18 01:54:37] d: d
[2024-11-18 01:54:42] d: ghbdn
[2024-11-18 01:55:20] dkjfb подключился к чату.
[2024-11-18 01:55:22] dkjfb: ;dmco
[2024-11-18 01:55:24] dkjfb: dkkc
[2024-11-18 01:55:30] dkjfb покинул чат.
